<?xml version="1.0" encoding="UTF-8"?>
<!-- Generated by org.testng.reporters.JUnitReportReporter -->
<testsuite skipped="0" hostname="C100-189s-iMac.local" name="newmaven.Tests.submitTest" tests="3" failures="0" timestamp="2022-11-10T09:44:13 IST" time="70.825" errors="0">
  <testcase name="submitOrder" time="32.869" classname="newmaven.Tests.submitTest"/>
  <system-out/>
  <testcase name="submitOrder" time="29.441" classname="newmaven.Tests.submitTest"/>
  <system-out/>
  <testcase name="ordersHistory" time="8.515" classname="newmaven.Tests.submitTest"/>
  <system-out/>
</testsuite> <!-- newmaven.Tests.submitTest -->
