<?xml version="1.0" encoding="UTF-8"?>
<!-- Generated by org.testng.reporters.JUnitReportReporter -->
<testsuite hostname="C100-189s-iMac.local" failures="0" tests="1" name="newmaven.Tests.errorMessageValidations" time="18.529" errors="0" timestamp="2022-11-14T12:29:48 IST" skipped="0">
  <testcase classname="newmaven.Tests.errorMessageValidations" name="loginError" time="18.529"/>
  <system-out/>
</testsuite> <!-- newmaven.Tests.errorMessageValidations -->
