<?xml version="1.0" encoding="UTF-8"?>
<!-- Generated by org.testng.reporters.JUnitReportReporter -->
<testsuite hostname="C100-189s-iMac.local" failures="0" tests="1" name="newmaven.Tests.errorMessageValidations" time="26.988" errors="0" timestamp="2022-11-11T18:12:41 IST" skipped="0">
  <testcase classname="newmaven.Tests.errorMessageValidations" name="loginError" time="26.988"/>
  <system-out/>
</testsuite> <!-- newmaven.Tests.errorMessageValidations -->
