<?xml version="1.0" encoding="UTF-8"?>
<!-- Generated by org.testng.reporters.JUnitReportReporter -->
<testsuite hostname="C100-189s-iMac.local" failures="0" tests="3" name="newmaven.Tests.submitTest" time="69.881" errors="0" timestamp="2022-10-20T14:43:59 IST" skipped="0">
  <testcase classname="newmaven.Tests.submitTest" name="ordersHistory" time="4.387"/>
  <system-out/>
  <testcase classname="newmaven.Tests.submitTest" name="submitOrder" time="37.288"/>
  <system-out/>
  <testcase classname="newmaven.Tests.submitTest" name="submitOrder" time="28.206"/>
  <system-out/>
</testsuite> <!-- newmaven.Tests.submitTest -->
